<?xml version="1.0" encoding="UTF-8"?>
<testsuite xmlns:xsi="http://www.w3.org/2001/XMLSchema-instance" xsi:noNamespaceSchemaLocation="https://maven.apache.org/surefire/maven-surefire-plugin/xsd/surefire-test-report-3.0.xsd" version="3.0" name="com.finago.interview.task.util.ChecksumUtilsTest" time="0.075" tests="3" errors="0" skipped="0" failures="0">
  <properties>
[...]
</properties>
  <testcase name="verifyMd5ValidChecksum" classname="com.finago.interview.task.util.ChecksumUtilsTest" time="0.061"/>
  <testcase name="verifyMd5InvalidChecksum" classname="com.finago.interview.task.util.ChecksumUtilsTest" time="0.004">
    <system-out><![CDATA[17:32:40.463 [main] WARN com.finago.interview.task.util.ChecksumUtils - MD5 mismatch for test.txt: expected=aaaaaaaaaaaaaaaaaaaaaaaaaaaaaaaa, actual=b10a8db164e0754105b7a99be72e3fe5
]]></system-out>
  </testcase>
  <testcase name="verifyMd5WithIOException" classname="com.finago.interview.task.util.ChecksumUtilsTest" time="0.002"/>
</testsuite>